# JRE version: OpenJDK Runtime Environment Temurin-17.0.7+7 (17.0.7+7) (build 17.0.7+7)
# Java VM: OpenJDK 64-Bit Server VM Temurin-17.0.7+7 (17.0.7+7, mixed mode, sharing, tiered, compressed oops, compressed class ptrs, g1 gc, windows-amd64)
GC Precious Log:
 CPUs: 12 total, 12 available
 Memory: 32679M
 Large Page Support: Disabled
 NUMA Support: Disabled
 Compressed Oops: Enabled (Zero based)
 Heap Region Size: 2M
 Heap Min Capacity: 512M
 Heap Initial Capacity: 512M
 Heap Max Capacity: 4072M
 Pre-touch: Disabled
 Parallel Workers: 10
 Concurrent Workers: 3
 Concurrent Refinement Workers: 10
 Periodic GC: Disabled
 String Deduplication is enabled
Heap:
 garbage-first heap   total 524288K, used 138565K [0x0000000701800000, 0x0000000800000000)
  region size 2048K, 19 young (38912K), 2 survivors (4096K)
 Metaspace       used 91982K, committed 92672K, reserved 1179648K
  class space    used 12537K, committed 12864K, reserved 1048576K
GC Heap History (20 events):
Event: 1716.856 GC heap before
{Heap before GC invocations=254 (full 112):
 garbage-first heap   total 524288K, used 101907K [0x0000000701800000, 0x0000000800000000)
  region size 2048K, 1 young (2048K), 0 survivors (0K)
 Metaspace       used 91751K, committed 92352K, reserved 1179648K
  class space    used 12513K, committed 12800K, reserved 1048576K
}
Event: 1716.903 GC heap after
{Heap after GC invocations=255 (full 113):
 garbage-first heap   total 524288K, used 101908K [0x0000000701800000, 0x0000000800000000)
  region size 2048K, 0 young (0K), 0 survivors (0K)
 Metaspace       used 91751K, committed 92352K, reserved 1179648K
  class space    used 12513K, committed 12800K, reserved 1048576K
}
Event: 1731.769 GC heap before
{Heap before GC invocations=255 (full 113):
 garbage-first heap   total 524288K, used 183828K [0x0000000701800000, 0x0000000800000000)
  region size 2048K, 40 young (81920K), 0 survivors (0K)
 Metaspace       used 91875K, committed 92544K, reserved 1179648K
  class space    used 12531K, committed 12864K, reserved 1048576K
}
Event: 1731.771 GC heap after
{Heap after GC invocations=256 (full 113):
 garbage-first heap   total 524288K, used 103401K [0x0000000701800000, 0x0000000800000000)
  region size 2048K, 1 young (2048K), 1 survivors (2048K)
 Metaspace       used 91875K, committed 92544K, reserved 1179648K
  class space    used 12531K, committed 12864K, reserved 1048576K
}
Event: 1732.853 GC heap before
{Heap before GC invocations=256 (full 113):
 garbage-first heap   total 524288K, used 183273K [0x0000000701800000, 0x0000000800000000)
  region size 2048K, 40 young (81920K), 1 survivors (2048K)
 Metaspace       used 91904K, committed 92608K, reserved 1179648K
  class space    used 12531K, committed 12864K, reserved 1048576K
}
Event: 1732.856 GC heap after
{Heap after GC invocations=257 (full 113):
 garbage-first heap   total 524288K, used 105651K [0x0000000701800000, 0x0000000800000000)
  region size 2048K, 2 young (4096K), 2 survivors (4096K)
 Metaspace       used 91904K, committed 92608K, reserved 1179648K
  class space    used 12531K, committed 12864K, reserved 1048576K
}
Event: 1740.740 GC heap before
{Heap before GC invocations=257 (full 113):
 garbage-first heap   total 524288K, used 183475K [0x0000000701800000, 0x0000000800000000)
  region size 2048K, 40 young (81920K), 2 survivors (4096K)
 Metaspace       used 91920K, committed 92608K, reserved 1179648K
  class space    used 12531K, committed 12864K, reserved 1048576K
}
Event: 1740.742 GC heap after
{Heap after GC invocations=258 (full 113):
 garbage-first heap   total 524288K, used 105744K [0x0000000701800000, 0x0000000800000000)
  region size 2048K, 2 young (4096K), 2 survivors (4096K)
 Metaspace       used 91920K, committed 92608K, reserved 1179648K
  class space    used 12531K, committed 12864K, reserved 1048576K
}
Event: 1762.612 GC heap before
{Heap before GC invocations=258 (full 113):
 garbage-first heap   total 524288K, used 183568K [0x0000000701800000, 0x0000000800000000)
  region size 2048K, 40 young (81920K), 2 survivors (4096K)
 Metaspace       used 91924K, committed 92608K, reserved 1179648K
  class space    used 12532K, committed 12864K, reserved 1048576K
}
Event: 1762.615 GC heap after
{Heap after GC invocations=259 (full 113):
 garbage-first heap   total 524288K, used 105742K [0x0000000701800000, 0x0000000800000000)
  region size 2048K, 2 young (4096K), 2 survivors (4096K)
 Metaspace       used 91924K, committed 92608K, reserved 1179648K
  class space    used 12532K, committed 12864K, reserved 1048576K
}
Event: 1764.728 GC heap before
{Heap before GC invocations=259 (full 113):
 garbage-first heap   total 524288K, used 183566K [0x0000000701800000, 0x0000000800000000)
  region size 2048K, 40 young (81920K), 2 survivors (4096K)
 Metaspace       used 91931K, committed 92608K, reserved 1179648K
  class space    used 12532K, committed 12864K, reserved 1048576K
}
Event: 1764.730 GC heap after
{Heap after GC invocations=260 (full 113):
 garbage-first heap   total 524288K, used 105813K [0x0000000701800000, 0x0000000800000000)
  region size 2048K, 2 young (4096K), 2 survivors (4096K)
 Metaspace       used 91931K, committed 92608K, reserved 1179648K
  class space    used 12532K, committed 12864K, reserved 1048576K
}
Event: 1766.254 GC heap before
{Heap before GC invocations=260 (full 113):
 garbage-first heap   total 524288K, used 183637K [0x0000000701800000, 0x0000000800000000)
  region size 2048K, 40 young (81920K), 2 survivors (4096K)
 Metaspace       used 91931K, committed 92608K, reserved 1179648K
  class space    used 12532K, committed 12864K, reserved 1048576K
}
Event: 1766.256 GC heap after
{Heap after GC invocations=261 (full 113):
 garbage-first heap   total 524288K, used 105701K [0x0000000701800000, 0x0000000800000000)
  region size 2048K, 2 young (4096K), 2 survivors (4096K)
 Metaspace       used 91931K, committed 92608K, reserved 1179648K
  class space    used 12532K, committed 12864K, reserved 1048576K
}
Event: 1766.653 GC heap before
{Heap before GC invocations=261 (full 113):
 garbage-first heap   total 524288K, used 183525K [0x0000000701800000, 0x0000000800000000)
  region size 2048K, 40 young (81920K), 2 survivors (4096K)
 Metaspace       used 91931K, committed 92608K, reserved 1179648K
  class space    used 12532K, committed 12864K, reserved 1048576K
}
Event: 1766.655 GC heap after
{Heap after GC invocations=262 (full 113):
 garbage-first heap   total 524288K, used 105679K [0x0000000701800000, 0x0000000800000000)
  region size 2048K, 2 young (4096K), 2 survivors (4096K)
 Metaspace       used 91931K, committed 92608K, reserved 1179648K
  class space    used 12532K, committed 12864K, reserved 1048576K
}
Event: 1768.216 GC heap before
{Heap before GC invocations=262 (full 113):
 garbage-first heap   total 524288K, used 183503K [0x0000000701800000, 0x0000000800000000)
  region size 2048K, 40 young (81920K), 2 survivors (4096K)
 Metaspace       used 91954K, committed 92672K, reserved 1179648K
  class space    used 12537K, committed 12864K, reserved 1048576K
}
Event: 1768.218 GC heap after
{Heap after GC invocations=263 (full 113):
 garbage-first heap   total 524288K, used 105593K [0x0000000701800000, 0x0000000800000000)
  region size 2048K, 2 young (4096K), 2 survivors (4096K)
 Metaspace       used 91954K, committed 92672K, reserved 1179648K
  class space    used 12537K, committed 12864K, reserved 1048576K
}
Event: 1792.400 GC heap before
{Heap before GC invocations=263 (full 113):
 garbage-first heap   total 524288K, used 183417K [0x0000000701800000, 0x0000000800000000)
  region size 2048K, 40 young (81920K), 2 survivors (4096K)
 Metaspace       used 91962K, committed 92672K, reserved 1179648K
  class space    used 12537K, committed 12864K, reserved 1048576K
}
Event: 1792.402 GC heap after
{Heap after GC invocations=264 (full 113):
 garbage-first heap   total 524288K, used 105797K [0x0000000701800000, 0x0000000800000000)
  region size 2048K, 2 young (4096K), 2 survivors (4096K)
 Metaspace       used 91962K, committed 92672K, reserved 1179648K
  class space    used 12537K, committed 12864K, reserved 1048576K
}

