# JRE version: OpenJDK Runtime Environment Temurin-17.0.7+7 (17.0.7+7) (build 17.0.7+7)
# Java VM: OpenJDK 64-Bit Server VM Temurin-17.0.7+7 (17.0.7+7, mixed mode, sharing, tiered, compressed oops, compressed class ptrs, g1 gc, windows-amd64)
GC Precious Log:
 CPUs: 12 total, 12 available
 Memory: 32679M
 Large Page Support: Disabled
 NUMA Support: Disabled
 Compressed Oops: Enabled (Zero based)
 Heap Region Size: 2M
 Heap Min Capacity: 512M
 Heap Initial Capacity: 512M
 Heap Max Capacity: 4072M
 Pre-touch: Disabled
 Parallel Workers: 10
 Concurrent Workers: 3
 Concurrent Refinement Workers: 10
 Periodic GC: Disabled
 String Deduplication is enabled
Heap:
 garbage-first heap   total 524288K, used 193731K [0x0000000701800000, 0x0000000800000000)
  region size 2048K, 32 young (65536K), 1 survivors (2048K)
 Metaspace       used 91045K, committed 91712K, reserved 1179648K
  class space    used 11952K, committed 12288K, reserved 1048576K
GC Heap History (20 events):
Event: 3041.067 GC heap before
{Heap before GC invocations=397 (full 66):
 garbage-first heap   total 524288K, used 212284K [0x0000000701800000, 0x0000000800000000)
  region size 2048K, 40 young (81920K), 1 survivors (2048K)
 Metaspace       used 90999K, committed 91648K, reserved 1179648K
  class space    used 11952K, committed 12288K, reserved 1048576K
}
Event: 3041.068 GC heap after
{Heap after GC invocations=398 (full 66):
 garbage-first heap   total 524288K, used 132283K [0x0000000701800000, 0x0000000800000000)
  region size 2048K, 1 young (2048K), 1 survivors (2048K)
 Metaspace       used 90999K, committed 91648K, reserved 1179648K
  class space    used 11952K, committed 12288K, reserved 1048576K
}
Event: 3050.207 GC heap before
{Heap before GC invocations=398 (full 66):
 garbage-first heap   total 524288K, used 212155K [0x0000000701800000, 0x0000000800000000)
  region size 2048K, 40 young (81920K), 1 survivors (2048K)
 Metaspace       used 90999K, committed 91648K, reserved 1179648K
  class space    used 11952K, committed 12288K, reserved 1048576K
}
Event: 3050.208 GC heap after
{Heap after GC invocations=399 (full 66):
 garbage-first heap   total 524288K, used 132294K [0x0000000701800000, 0x0000000800000000)
  region size 2048K, 1 young (2048K), 1 survivors (2048K)
 Metaspace       used 90999K, committed 91648K, reserved 1179648K
  class space    used 11952K, committed 12288K, reserved 1048576K
}
Event: 3053.698 GC heap before
{Heap before GC invocations=399 (full 66):
 garbage-first heap   total 524288K, used 212166K [0x0000000701800000, 0x0000000800000000)
  region size 2048K, 40 young (81920K), 1 survivors (2048K)
 Metaspace       used 91009K, committed 91648K, reserved 1179648K
  class space    used 11952K, committed 12288K, reserved 1048576K
}
Event: 3053.700 GC heap after
{Heap after GC invocations=400 (full 66):
 garbage-first heap   total 524288K, used 132205K [0x0000000701800000, 0x0000000800000000)
  region size 2048K, 1 young (2048K), 1 survivors (2048K)
 Metaspace       used 91009K, committed 91648K, reserved 1179648K
  class space    used 11952K, committed 12288K, reserved 1048576K
}
Event: 3057.447 GC heap before
{Heap before GC invocations=400 (full 66):
 garbage-first heap   total 524288K, used 212077K [0x0000000701800000, 0x0000000800000000)
  region size 2048K, 40 young (81920K), 1 survivors (2048K)
 Metaspace       used 91009K, committed 91648K, reserved 1179648K
  class space    used 11952K, committed 12288K, reserved 1048576K
}
Event: 3057.448 GC heap after
{Heap after GC invocations=401 (full 66):
 garbage-first heap   total 524288K, used 132278K [0x0000000701800000, 0x0000000800000000)
  region size 2048K, 1 young (2048K), 1 survivors (2048K)
 Metaspace       used 91009K, committed 91648K, reserved 1179648K
  class space    used 11952K, committed 12288K, reserved 1048576K
}
Event: 3063.862 GC heap before
{Heap before GC invocations=401 (full 66):
 garbage-first heap   total 524288K, used 212150K [0x0000000701800000, 0x0000000800000000)
  region size 2048K, 40 young (81920K), 1 survivors (2048K)
 Metaspace       used 91011K, committed 91648K, reserved 1179648K
  class space    used 11952K, committed 12288K, reserved 1048576K
}
Event: 3063.863 GC heap after
{Heap after GC invocations=402 (full 66):
 garbage-first heap   total 524288K, used 132291K [0x0000000701800000, 0x0000000800000000)
  region size 2048K, 1 young (2048K), 1 survivors (2048K)
 Metaspace       used 91011K, committed 91648K, reserved 1179648K
  class space    used 11952K, committed 12288K, reserved 1048576K
}
Event: 3066.827 GC heap before
{Heap before GC invocations=402 (full 66):
 garbage-first heap   total 524288K, used 212163K [0x0000000701800000, 0x0000000800000000)
  region size 2048K, 40 young (81920K), 1 survivors (2048K)
 Metaspace       used 91015K, committed 91648K, reserved 1179648K
  class space    used 11952K, committed 12288K, reserved 1048576K
}
Event: 3066.828 GC heap after
{Heap after GC invocations=403 (full 66):
 garbage-first heap   total 524288K, used 132262K [0x0000000701800000, 0x0000000800000000)
  region size 2048K, 1 young (2048K), 1 survivors (2048K)
 Metaspace       used 91015K, committed 91648K, reserved 1179648K
  class space    used 11952K, committed 12288K, reserved 1048576K
}
Event: 3080.459 GC heap before
{Heap before GC invocations=403 (full 66):
 garbage-first heap   total 524288K, used 212134K [0x0000000701800000, 0x0000000800000000)
  region size 2048K, 40 young (81920K), 1 survivors (2048K)
 Metaspace       used 91021K, committed 91648K, reserved 1179648K
  class space    used 11952K, committed 12288K, reserved 1048576K
}
Event: 3080.460 GC heap after
{Heap after GC invocations=404 (full 66):
 garbage-first heap   total 524288K, used 132270K [0x0000000701800000, 0x0000000800000000)
  region size 2048K, 1 young (2048K), 1 survivors (2048K)
 Metaspace       used 91021K, committed 91648K, reserved 1179648K
  class space    used 11952K, committed 12288K, reserved 1048576K
}
Event: 3101.183 GC heap before
{Heap before GC invocations=404 (full 66):
 garbage-first heap   total 524288K, used 212142K [0x0000000701800000, 0x0000000800000000)
  region size 2048K, 40 young (81920K), 1 survivors (2048K)
 Metaspace       used 91031K, committed 91648K, reserved 1179648K
  class space    used 11952K, committed 12288K, reserved 1048576K
}
Event: 3101.184 GC heap after
{Heap after GC invocations=405 (full 66):
 garbage-first heap   total 524288K, used 132270K [0x0000000701800000, 0x0000000800000000)
  region size 2048K, 1 young (2048K), 1 survivors (2048K)
 Metaspace       used 91031K, committed 91648K, reserved 1179648K
  class space    used 11952K, committed 12288K, reserved 1048576K
}
Event: 3107.016 GC heap before
{Heap before GC invocations=405 (full 66):
 garbage-first heap   total 524288K, used 212142K [0x0000000701800000, 0x0000000800000000)
  region size 2048K, 40 young (81920K), 1 survivors (2048K)
 Metaspace       used 91032K, committed 91712K, reserved 1179648K
  class space    used 11952K, committed 12288K, reserved 1048576K
}
Event: 3107.017 GC heap after
{Heap after GC invocations=406 (full 66):
 garbage-first heap   total 524288K, used 132292K [0x0000000701800000, 0x0000000800000000)
  region size 2048K, 1 young (2048K), 1 survivors (2048K)
 Metaspace       used 91032K, committed 91712K, reserved 1179648K
  class space    used 11952K, committed 12288K, reserved 1048576K
}
Event: 3126.876 GC heap before
{Heap before GC invocations=406 (full 66):
 garbage-first heap   total 524288K, used 212164K [0x0000000701800000, 0x0000000800000000)
  region size 2048K, 40 young (81920K), 1 survivors (2048K)
 Metaspace       used 91032K, committed 91712K, reserved 1179648K
  class space    used 11952K, committed 12288K, reserved 1048576K
}
Event: 3126.877 GC heap after
{Heap after GC invocations=407 (full 66):
 garbage-first heap   total 524288K, used 132291K [0x0000000701800000, 0x0000000800000000)
  region size 2048K, 1 young (2048K), 1 survivors (2048K)
 Metaspace       used 91032K, committed 91712K, reserved 1179648K
  class space    used 11952K, committed 12288K, reserved 1048576K
}

